irace	version: 1.06.997
********************************************************************************
* irace: An implementation in R of Iterated Race                               *
* Copyright (C) 2010-2014                                                      *
* Manuel Lopez-Ibanez     <manuel.lopez-ibanez@ulb.ac.be>                      *
* Jeremie Dubois-Lacoste  <jeremie.dubois-lacoste@ulb.ac.be>                   *
*                                                                              *
* This is free software, and you are welcome to redistribute it under certain  *
* conditions.  See the GNU General Public License for details. There is NO     *
* warranty; not even for MERCHANTABILITY or FITNESS FOR A PARTICULAR PURPOSE.  *
*                                                                              *
* irace builds upon previous code from the race package                        *
* Copyright (C) 2003 Mauro Birattari                                           *
********************************************************************************
# 2015-01-19 20:41:56 CET: Initialization
# nbIterations: 5
# minNbSurvival: 5
# nbParameters: 9
# seed: 1024377718.04597
# confidence level: 0.95
# remainingBudget: 1200
# mu: 5

# 2015-01-19 20:41:56 CET: Iteration 1 of 5
# experimentsUsedSoFar: 0
# timeUsedSoFar: 0
# timeEstimate: 0
# remainingBudget: 1200
# currentBudget: 240
# nbCandidates: 40
                            Markers:                           
                               x No test is performed.         
                               - The test is performed and     
                                 some candidates are discarded.
                               = The test is performed but     
                                 no candidate is discarded.    
                                                               
                                                               
+-+-----------+-----------+-----------+-----------+-----------+
| |       Task|      Alive|       Best|  Mean best| Exp so far|
+-+-----------+-----------+-----------+-----------+-----------+
|x|          1|         40|          9|     -189.8|         40|
|x|          2|         40|         37|     -186.9|         80|
|x|          3|         40|          9|     -175.1|        120|
|=|          4|         40|          9|     -172.4|        160|
|=|          5|         40|          9|     -173.9|        200|
|=|          6|         40|         36|     -166.5|        240|
+-+-----------+-----------+-----------+-----------+-----------+

Selected candidate:          36	mean value:     -166.5

Description of the selected candidate:
   mutate_only_prob gMaturationPeriod gMaxPopSize mutate_link_weights_prob mutate_add_node_prob mutate_add_link_prob mate_only_prob recur_only_prob sigma
36             0.17                24           9                    0.392                0.185                0.424          0.523           0.352 0.522


# Elite candidates:
   mutate_only_prob gMaturationPeriod gMaxPopSize mutate_link_weights_prob mutate_add_node_prob mutate_add_link_prob mate_only_prob recur_only_prob sigma
36            0.170                24           9                    0.392                0.185                0.424          0.523           0.352 0.522
9             0.492                16          47                    0.935                0.215                0.879          0.004           0.609 0.361
10            0.677                35           9                    0.818                0.584                0.860          0.420           0.003 2.706
37            0.540                43          29                    0.043                0.271                0.063          0.819           0.618 0.399
33            0.906                28           6                    0.549                0.290                0.129          0.545           0.273 2.910
# 2015-01-19 21:23:55 CET: Iteration 2 of 5
# experimentsUsedSoFar: 240
# timeUsedSoFar: 0
# timeEstimate: 0
# remainingBudget: 960
# currentBudget: 240
# nbCandidates: 34
                            Markers:                           
                               x No test is performed.         
                               - The test is performed and     
                                 some candidates are discarded.
                               = The test is performed but     
                                 no candidate is discarded.    
                                                               
                                                               
+-+-----------+-----------+-----------+-----------+-----------+
| |       Task|      Alive|       Best|  Mean best| Exp so far|
+-+-----------+-----------+-----------+-----------+-----------+
|x|          1|         34|          2|     -189.8|         34|
|x|          2|         34|         29|       -185|         68|
|x|          3|         34|          1|     -170.8|        102|
|=|          4|         34|          1|     -164.5|        136|
|=|          5|         34|          1|     -168.9|        170|
|=|          6|         34|          1|     -171.5|        204|
|=|          7|         34|          1|     -169.9|        238|
+-+-----------+-----------+-----------+-----------+-----------+

Selected candidate:           1	mean value:     -169.9

Description of the selected candidate:
   mutate_only_prob gMaturationPeriod gMaxPopSize mutate_link_weights_prob mutate_add_node_prob mutate_add_link_prob mate_only_prob recur_only_prob sigma
36             0.17                24           9                    0.392                0.185                0.424          0.523           0.352 0.522


# Elite candidates:
   mutate_only_prob gMaturationPeriod gMaxPopSize mutate_link_weights_prob mutate_add_node_prob mutate_add_link_prob mate_only_prob recur_only_prob sigma
36            0.170                24           9                    0.392                0.185                0.424          0.523           0.352 0.522
10            0.677                35           9                    0.818                0.584                0.860          0.420           0.003 2.706
67            0.824                23           5                    0.524                0.612                0.686          0.754           0.119 1.527
42            0.289                24           8                    0.330                0.366                0.113          0.643           0.433 0.557
64            0.056                43           7                    0.624                0.462                0.549          0.308           0.314 0.761
# 2015-01-19 22:03:54 CET: Iteration 3 of 5
# experimentsUsedSoFar: 478
# timeUsedSoFar: 0
# timeEstimate: 0
# remainingBudget: 722
# currentBudget: 240
# nbCandidates: 30
                            Markers:                           
                               x No test is performed.         
                               - The test is performed and     
                                 some candidates are discarded.
                               = The test is performed but     
                                 no candidate is discarded.    
                                                               
                                                               
+-+-----------+-----------+-----------+-----------+-----------+
| |       Task|      Alive|       Best|  Mean best| Exp so far|
+-+-----------+-----------+-----------+-----------+-----------+
|x|          1|         30|          5|     -184.6|         30|
|x|          2|         30|          5|     -188.2|         60|
|x|          3|         30|          1|     -170.8|         90|
|=|          4|         30|          1|     -164.5|        120|
|=|          5|         30|          1|     -168.9|        150|
|=|          6|         30|          1|     -170.6|        180|
|=|          7|         30|          1|     -169.2|        210|
|=|          8|         30|          1|     -163.1|        240|
+-+-----------+-----------+-----------+-----------+-----------+

Selected candidate:           1	mean value:     -163.1

Description of the selected candidate:
   mutate_only_prob gMaturationPeriod gMaxPopSize mutate_link_weights_prob mutate_add_node_prob mutate_add_link_prob mate_only_prob recur_only_prob sigma
36             0.17                24           9                    0.392                0.185                0.424          0.523           0.352 0.522


# Elite candidates:
   mutate_only_prob gMaturationPeriod gMaxPopSize mutate_link_weights_prob mutate_add_node_prob mutate_add_link_prob mate_only_prob recur_only_prob sigma
36            0.170                24           9                    0.392                0.185                0.424          0.523           0.352 0.522
10            0.677                35           9                    0.818                0.584                0.860          0.420           0.003 2.706
64            0.056                43           7                    0.624                0.462                0.549          0.308           0.314 0.761
74            0.735                39          10                    0.518                0.164                0.291          0.916           0.437 1.717
91            0.386                22           7                    0.747                0.297                0.821          0.408           0.336 0.541
# 2015-01-19 22:40:57 CET: Iteration 4 of 5
# experimentsUsedSoFar: 718
# timeUsedSoFar: 0
# timeEstimate: 0
# remainingBudget: 482
# currentBudget: 241
# nbCandidates: 26
                            Markers:                           
                               x No test is performed.         
                               - The test is performed and     
                                 some candidates are discarded.
                               = The test is performed but     
                                 no candidate is discarded.    
                                                               
                                                               
+-+-----------+-----------+-----------+-----------+-----------+
| |       Task|      Alive|       Best|  Mean best| Exp so far|
+-+-----------+-----------+-----------+-----------+-----------+
|x|          1|         26|         11|     -192.7|         26|
|x|          2|         26|         20|     -188.2|         52|
|x|          3|         26|         20|     -174.1|         78|
|=|          4|         26|         20|     -170.1|        104|
|=|          5|         26|          7|     -172.5|        130|
|=|          6|         26|          7|     -174.5|        156|
|=|          7|         26|          1|     -169.2|        182|
|=|          8|         26|          2|     -156.6|        208|
|=|          9|         26|         11|     -167.3|        234|
+-+-----------+-----------+-----------+-----------+-----------+

Selected candidate:          11	mean value:     -167.3

Description of the selected candidate:
    mutate_only_prob gMaturationPeriod gMaxPopSize mutate_link_weights_prob mutate_add_node_prob mutate_add_link_prob mate_only_prob recur_only_prob sigma
100            0.154                19           5                    0.575                0.057                0.184          0.842           0.376 0.442


# Elite candidates:
    mutate_only_prob gMaturationPeriod gMaxPopSize mutate_link_weights_prob mutate_add_node_prob mutate_add_link_prob mate_only_prob recur_only_prob sigma
100            0.154                19           5                    0.575                0.057                0.184          0.842           0.376 0.442
10             0.677                35           9                    0.818                0.584                0.860          0.420           0.003 2.706
96             0.726                46          13                    0.848                0.775                0.772          0.333           0.031 2.664
109            0.964                41           6                    0.497                0.589                0.988          0.424           0.086 2.845
111            0.568                18           5                    0.762                0.501                0.799          0.431           0.018 2.351
# 2015-01-19 23:17:06 CET: Iteration 5 of 5
# experimentsUsedSoFar: 952
# timeUsedSoFar: 0
# timeEstimate: 0
# remainingBudget: 248
# currentBudget: 248
# nbCandidates: 24
                            Markers:                           
                               x No test is performed.         
                               - The test is performed and     
                                 some candidates are discarded.
                               = The test is performed but     
                                 no candidate is discarded.    
                                                               
                                                               
+-+-----------+-----------+-----------+-----------+-----------+
| |       Task|      Alive|       Best|  Mean best| Exp so far|
+-+-----------+-----------+-----------+-----------+-----------+
|x|          1|         24|         12|     -185.7|         24|
|x|          2|         24|          4|       -189|         48|
|x|          3|         24|          4|     -171.9|         72|
|=|          4|         24|          4|     -168.5|         96|
|=|          5|         24|          4|     -171.3|        120|
|=|          6|         24|          4|     -173.5|        144|
|=|          7|         24|          4|     -168.7|        168|
|=|          8|         24|          3|     -164.6|        192|
|=|          9|         24|          1|     -170.9|        216|
|=|         10|         24|          1|     -172.8|        240|
+-+-----------+-----------+-----------+-----------+-----------+

Selected candidate:           1	mean value:     -172.8

Description of the selected candidate:
    mutate_only_prob gMaturationPeriod gMaxPopSize mutate_link_weights_prob mutate_add_node_prob mutate_add_link_prob mate_only_prob recur_only_prob sigma
100            0.154                19           5                    0.575                0.057                0.184          0.842           0.376 0.442


# Elite candidates:
    mutate_only_prob gMaturationPeriod gMaxPopSize mutate_link_weights_prob mutate_add_node_prob mutate_add_link_prob mate_only_prob recur_only_prob sigma
100            0.154                19           5                    0.575                0.057                0.184          0.842           0.376 0.442
124            0.585                40           8                    0.925                0.743                0.723          0.448           0.152 2.282
109            0.964                41           6                    0.497                0.589                0.988          0.424           0.086 2.845
118            0.406                27           5                    0.777                0.651                0.738          0.286           0.149 2.410
129            0.155                20           8                    0.531                0.156                0.170          0.929           0.277 0.125
# 2015-01-19 23:54:18 CET: Stopped because there is no enough budget left to race newly sampled configurations
# Iteration: 6
# nbIterations: 6
# experimentsUsedSoFar: 1192
# timeUsedSoFar: 0
# timeEstimate: 0
# remainingBudget: 8
# currentBudget: 8
# number of elites: 5
# nbCandidates: 0
# mu: 5
# Best candidates
    mutate_only_prob gMaturationPeriod gMaxPopSize mutate_link_weights_prob mutate_add_node_prob mutate_add_link_prob mate_only_prob recur_only_prob sigma
100            0.154                19           5                    0.575                0.057                0.184          0.842           0.376 0.442
124            0.585                40           8                    0.925                0.743                0.723          0.448           0.152 2.282
109            0.964                41           6                    0.497                0.589                0.988          0.424           0.086 2.845
118            0.406                27           5                    0.777                0.651                0.738          0.286           0.149 2.410
129            0.155                20           8                    0.531                0.156                0.170          0.929           0.277 0.125
# Best candidates (as commandlines)
1  -m 0.154 -w 0.575 -n 0.057 -l 0.184 -x 0.842 -r 0.376 -s 0.442 -q19 -p5
2  -m 0.585 -w 0.925 -n 0.743 -l 0.723 -x 0.448 -r 0.152 -s 2.282 -q40 -p8
3  -m 0.964 -w 0.497 -n 0.589 -l 0.988 -x 0.424 -r 0.086 -s 2.845 -q41 -p6
4  -m 0.406 -w 0.777 -n 0.651 -l 0.738 -x 0.286 -r 0.149 -s 2.41 -q27 -p5
5  -m 0.155 -w 0.531 -n 0.156 -l 0.17 -x 0.929 -r 0.277 -s 0.125 -q20 -p8
