irace	version: 1.06.997
********************************************************************************
* irace: An implementation in R of Iterated Race                               *
* Copyright (C) 2010-2014                                                      *
* Manuel Lopez-Ibanez     <manuel.lopez-ibanez@ulb.ac.be>                      *
* Jeremie Dubois-Lacoste  <jeremie.dubois-lacoste@ulb.ac.be>                   *
*                                                                              *
* This is free software, and you are welcome to redistribute it under certain  *
* conditions.  See the GNU General Public License for details. There is NO     *
* warranty; not even for MERCHANTABILITY or FITNESS FOR A PARTICULAR PURPOSE.  *
*                                                                              *
* irace builds upon previous code from the race package                        *
* Copyright (C) 2003 Mauro Birattari                                           *
********************************************************************************
# 2015-01-20 19:21:14 CET: Initialization
# nbIterations: 5
# minNbSurvival: 5
# nbParameters: 9
# seed: 2112025732.03302
# confidence level: 0.95
# remainingBudget: 1200
# mu: 5

# 2015-01-20 19:21:14 CET: Iteration 1 of 5
# experimentsUsedSoFar: 0
# timeUsedSoFar: 0
# timeEstimate: 0
# remainingBudget: 1200
# currentBudget: 240
# nbCandidates: 40
                            Markers:                           
                               x No test is performed.         
                               - The test is performed and     
                                 some candidates are discarded.
                               = The test is performed but     
                                 no candidate is discarded.    
                                                               
                                                               
+-+-----------+-----------+-----------+-----------+-----------+
| |       Task|      Alive|       Best|  Mean best| Exp so far|
+-+-----------+-----------+-----------+-----------+-----------+
|x|          1|         40|         15|     -75.52|         40|
|x|          2|         40|         15|     -75.52|         80|
|x|          3|         40|         26|     -75.17|        120|
|-|          4|         23|         26|      -75.1|        160|
|=|          5|         23|         26|     -75.06|        183|
|=|          6|         23|         26|     -75.03|        206|
|-|          7|         11|          4|     -74.99|        229|
|=|          8|         11|          4|     -75.03|        240|
+-+-----------+-----------+-----------+-----------+-----------+

Selected candidate:           4	mean value:     -75.03

Description of the selected candidate:
  mutate_only_prob gMaturationPeriod gMaxPopSize mutate_link_weights_prob mutate_add_node_prob mutate_add_link_prob mate_only_prob recur_only_prob sigma
4            0.872                47          13                    0.367                0.421                0.901          0.834           0.824 1.707


# Elite candidates:
   mutate_only_prob gMaturationPeriod gMaxPopSize mutate_link_weights_prob mutate_add_node_prob mutate_add_link_prob mate_only_prob recur_only_prob sigma
4             0.872                47          13                    0.367                0.421                0.901          0.834           0.824 1.707
6             0.854                40          13                    0.374                0.892                0.672          0.301           0.266 1.150
20            0.875                46          37                    0.867                0.052                0.162          0.818           0.729 0.701
32            0.287                14          10                    0.529                0.209                0.128          0.374           0.359 0.564
26            0.023                 5          32                    0.941                0.533                0.805          0.023           0.167 1.022
# 2015-01-20 20:12:34 CET: Iteration 2 of 5
# experimentsUsedSoFar: 240
# timeUsedSoFar: 0
# timeEstimate: 0
# remainingBudget: 960
# currentBudget: 240
# nbCandidates: 34
                            Markers:                           
                               x No test is performed.         
                               - The test is performed and     
                                 some candidates are discarded.
                               = The test is performed but     
                                 no candidate is discarded.    
                                                               
                                                               
+-+-----------+-----------+-----------+-----------+-----------+
| |       Task|      Alive|       Best|  Mean best| Exp so far|
+-+-----------+-----------+-----------+-----------+-----------+
|x|          1|         34|         20|     -75.75|         34|
|x|          2|         34|         20|     -75.75|         68|
|x|          3|         34|         11|     -74.83|        102|
|-|          4|         15|         13|      -75.1|        136|
|=|          5|         15|         13|     -75.19|        151|
|=|          6|         15|         13|     -75.25|        166|
|-|          7|          6|         13|      -75.3|        181|
|-|          8|          3|         13|     -75.32|        187|
+-+-----------+-----------+-----------+-----------+-----------+

Selected candidate:          13	mean value:     -75.32

Description of the selected candidate:
   mutate_only_prob gMaturationPeriod gMaxPopSize mutate_link_weights_prob mutate_add_node_prob mutate_add_link_prob mate_only_prob recur_only_prob sigma
48            0.662                49          35                    0.013                0.166                0.685           0.72           0.565 0.603


# Elite candidates:
   mutate_only_prob gMaturationPeriod gMaxPopSize mutate_link_weights_prob mutate_add_node_prob mutate_add_link_prob mate_only_prob recur_only_prob sigma
48            0.662                49          35                    0.013                0.166                0.685          0.720           0.565 0.603
4             0.872                47          13                    0.367                0.421                0.901          0.834           0.824 1.707
47            0.820                32          36                    0.487                0.733                0.798          0.026           0.209 1.245
# 2015-01-20 20:53:25 CET: Iteration 3 of 5
# experimentsUsedSoFar: 427
# timeUsedSoFar: 0
# timeEstimate: 0
# remainingBudget: 773
# currentBudget: 257
# nbCandidates: 32
                            Markers:                           
                               x No test is performed.         
                               - The test is performed and     
                                 some candidates are discarded.
                               = The test is performed but     
                                 no candidate is discarded.    
                                                               
                                                               
+-+-----------+-----------+-----------+-----------+-----------+
| |       Task|      Alive|       Best|  Mean best| Exp so far|
+-+-----------+-----------+-----------+-----------+-----------+
|x|          1|         32|         14|      -75.3|         32|
|x|          2|         32|          6|     -75.25|         64|
|x|          3|         32|         17|     -74.75|         96|
|=|          4|         32|          7|     -74.91|        128|
|-|          5|         16|          7|     -74.95|        160|
|=|          6|         16|          2|     -74.99|        176|
|-|          7|         11|         20|     -75.05|        192|
|-|          8|          5|         20|      -75.1|        203|
+-+-----------+-----------+-----------+-----------+-----------+

Selected candidate:          20	mean value:      -75.1

Description of the selected candidate:
   mutate_only_prob gMaturationPeriod gMaxPopSize mutate_link_weights_prob mutate_add_node_prob mutate_add_link_prob mate_only_prob recur_only_prob sigma
86             0.66                19          32                     0.52                0.238                0.549          0.153           0.715 1.498


# Elite candidates:
   mutate_only_prob gMaturationPeriod gMaxPopSize mutate_link_weights_prob mutate_add_node_prob mutate_add_link_prob mate_only_prob recur_only_prob sigma
86            0.660                19          32                    0.520                0.238                0.549          0.153           0.715 1.498
4             0.872                47          13                    0.367                0.421                0.901          0.834           0.824 1.707
48            0.662                49          35                    0.013                0.166                0.685          0.720           0.565 0.603
73            0.558                44          22                    0.400                0.373                0.825          0.902           0.773 2.582
74            0.579                44          29                    0.102                0.215                0.900          0.970           0.778 1.355
# 2015-01-20 21:38:09 CET: Iteration 4 of 5
# experimentsUsedSoFar: 630
# timeUsedSoFar: 0
# timeEstimate: 0
# remainingBudget: 570
# currentBudget: 285
# nbCandidates: 31
                            Markers:                           
                               x No test is performed.         
                               - The test is performed and     
                                 some candidates are discarded.
                               = The test is performed but     
                                 no candidate is discarded.    
                                                               
                                                               
+-+-----------+-----------+-----------+-----------+-----------+
| |       Task|      Alive|       Best|  Mean best| Exp so far|
+-+-----------+-----------+-----------+-----------+-----------+
|x|          1|         31|         20|     -76.05|         31|
|x|          2|         31|         18|     -75.23|         62|
|x|          3|         31|          9|        -75|         93|
|=|          4|         31|          9|     -74.94|        124|
|-|          5|         17|          2|     -74.92|        155|
|=|          6|         17|          2|     -74.99|        172|
|=|          7|         17|          2|     -75.03|        189|
|-|          8|          8|          2|     -75.07|        206|
|-|          9|          5|          2|      -75.1|        214|
+-+-----------+-----------+-----------+-----------+-----------+

Selected candidate:           2	mean value:      -75.1

Description of the selected candidate:
  mutate_only_prob gMaturationPeriod gMaxPopSize mutate_link_weights_prob mutate_add_node_prob mutate_add_link_prob mate_only_prob recur_only_prob sigma
4            0.872                47          13                    0.367                0.421                0.901          0.834           0.824 1.707


# Elite candidates:
    mutate_only_prob gMaturationPeriod gMaxPopSize mutate_link_weights_prob mutate_add_node_prob mutate_add_link_prob mate_only_prob recur_only_prob sigma
4              0.872                47          13                    0.367                0.421                0.901          0.834           0.824 1.707
86             0.660                19          32                    0.520                0.238                0.549          0.153           0.715 1.498
48             0.662                49          35                    0.013                0.166                0.685          0.720           0.565 0.603
73             0.558                44          22                    0.400                0.373                0.825          0.902           0.773 2.582
117            0.701                46          40                    0.010                0.157                0.722          0.742           0.179 0.671
# 2015-01-20 22:25:12 CET: Iteration 5 of 5
# experimentsUsedSoFar: 844
# timeUsedSoFar: 0
# timeEstimate: 0
# remainingBudget: 356
# currentBudget: 356
# nbCandidates: 35
                            Markers:                           
                               x No test is performed.         
                               - The test is performed and     
                                 some candidates are discarded.
                               = The test is performed but     
                                 no candidate is discarded.    
                                                               
                                                               
+-+-----------+-----------+-----------+-----------+-----------+
| |       Task|      Alive|       Best|  Mean best| Exp so far|
+-+-----------+-----------+-----------+-----------+-----------+
|x|          1|         35|         26|     -75.46|         35|
|x|          2|         35|          4|     -75.13|         70|
|x|          3|         35|          4|     -74.84|        105|
|-|          4|         17|         26|     -74.91|        140|
|=|          5|         17|         12|     -75.02|        157|
|-|          6|         11|         12|      -75.1|        174|
|-|          7|          8|         12|     -75.12|        185|
|=|          8|          8|          2|     -75.12|        193|
|-|          9|          4|          3|     -75.12|        201|
+-+-----------+-----------+-----------+-----------+-----------+

Selected candidate:           3	mean value:     -75.12

Description of the selected candidate:
   mutate_only_prob gMaturationPeriod gMaxPopSize mutate_link_weights_prob mutate_add_node_prob mutate_add_link_prob mate_only_prob recur_only_prob sigma
48            0.662                49          35                    0.013                0.166                0.685           0.72           0.565 0.603


# Elite candidates:
    mutate_only_prob gMaturationPeriod gMaxPopSize mutate_link_weights_prob mutate_add_node_prob mutate_add_link_prob mate_only_prob recur_only_prob sigma
48             0.662                49          35                    0.013                0.166                0.685          0.720           0.565 0.603
86             0.660                19          32                    0.520                0.238                0.549          0.153           0.715 1.498
131            0.858                15          37                    0.413                0.222                0.629          0.112           0.782 1.708
4              0.872                47          13                    0.367                0.421                0.901          0.834           0.824 1.707
# 2015-01-20 23:09:17 CET: Iteration 6 of 6
# experimentsUsedSoFar: 1045
# timeUsedSoFar: 0
# timeEstimate: 0
# remainingBudget: 155
# currentBudget: 155
# nbCandidates: 15
                            Markers:                           
                               x No test is performed.         
                               - The test is performed and     
                                 some candidates are discarded.
                               = The test is performed but     
                                 no candidate is discarded.    
                                                               
                                                               
+-+-----------+-----------+-----------+-----------+-----------+
| |       Task|      Alive|       Best|  Mean best| Exp so far|
+-+-----------+-----------+-----------+-----------+-----------+
|x|          1|         15|         14|     -74.85|         15|
|x|          2|         15|         14|     -74.85|         30|
|x|          3|         15|          2|     -74.58|         45|
|=|          4|         15|          2|      -74.8|         60|
|=|          5|         15|          2|     -74.93|         75|
|-|          6|          8|          2|     -75.01|         90|
|=|          7|          8|          2|     -75.08|         98|
|=|          8|          8|          2|     -75.01|        106|
|-|          9|          5|          2|     -75.06|        114|
+-+-----------+-----------+-----------+-----------+-----------+

Selected candidate:           2	mean value:     -75.06

Description of the selected candidate:
   mutate_only_prob gMaturationPeriod gMaxPopSize mutate_link_weights_prob mutate_add_node_prob mutate_add_link_prob mate_only_prob recur_only_prob sigma
86             0.66                19          32                     0.52                0.238                0.549          0.153           0.715 1.498


# Elite candidates:
    mutate_only_prob gMaturationPeriod gMaxPopSize mutate_link_weights_prob mutate_add_node_prob mutate_add_link_prob mate_only_prob recur_only_prob sigma
86             0.660                19          32                    0.520                0.238                0.549          0.153           0.715 1.498
48             0.662                49          35                    0.013                0.166                0.685          0.720           0.565 0.603
158            0.972                11          41                    0.459                0.225                0.561          0.206           0.671 1.689
163            0.546                48          35                    0.084                0.244                0.693          0.770           0.748 0.420
4              0.872                47          13                    0.367                0.421                0.901          0.834           0.824 1.707
# 2015-01-20 23:38:52 CET: Stopped because there is no enough budget left to race newly sampled configurations
# Iteration: 7
# nbIterations: 7
# experimentsUsedSoFar: 1159
# timeUsedSoFar: 0
# timeEstimate: 0
# remainingBudget: 41
# currentBudget: 41
# number of elites: 5
# nbCandidates: 4
# mu: 5
# Best candidates
    mutate_only_prob gMaturationPeriod gMaxPopSize mutate_link_weights_prob mutate_add_node_prob mutate_add_link_prob mate_only_prob recur_only_prob sigma
86             0.660                19          32                    0.520                0.238                0.549          0.153           0.715 1.498
48             0.662                49          35                    0.013                0.166                0.685          0.720           0.565 0.603
158            0.972                11          41                    0.459                0.225                0.561          0.206           0.671 1.689
163            0.546                48          35                    0.084                0.244                0.693          0.770           0.748 0.420
4              0.872                47          13                    0.367                0.421                0.901          0.834           0.824 1.707
# Best candidates (as commandlines)
1  -m 0.66 -w 0.52 -n 0.238 -l 0.549 -x 0.153 -r 0.715 -s 1.498 -q19 -p32
2  -m 0.662 -w 0.013 -n 0.166 -l 0.685 -x 0.72 -r 0.565 -s 0.603 -q49 -p35
3  -m 0.972 -w 0.459 -n 0.225 -l 0.561 -x 0.206 -r 0.671 -s 1.689 -q11 -p41
4  -m 0.546 -w 0.084 -n 0.244 -l 0.693 -x 0.77 -r 0.748 -s 0.42 -q48 -p35
5  -m 0.872 -w 0.367 -n 0.421 -l 0.901 -x 0.834 -r 0.824 -s 1.707 -q47 -p13
