irace	version: 1.06.997
********************************************************************************
* irace: An implementation in R of Iterated Race                               *
* Copyright (C) 2010-2014                                                      *
* Manuel Lopez-Ibanez     <manuel.lopez-ibanez@ulb.ac.be>                      *
* Jeremie Dubois-Lacoste  <jeremie.dubois-lacoste@ulb.ac.be>                   *
*                                                                              *
* This is free software, and you are welcome to redistribute it under certain  *
* conditions.  See the GNU General Public License for details. There is NO     *
* warranty; not even for MERCHANTABILITY or FITNESS FOR A PARTICULAR PURPOSE.  *
*                                                                              *
* irace builds upon previous code from the race package                        *
* Copyright (C) 2003 Mauro Birattari                                           *
********************************************************************************
# 2015-01-20 19:35:59 CET: Initialization
# nbIterations: 5
# minNbSurvival: 5
# nbParameters: 9
# seed: 1058551575.51415
# confidence level: 0.95
# remainingBudget: 1200
# mu: 5

# 2015-01-20 19:35:59 CET: Iteration 1 of 5
# experimentsUsedSoFar: 0
# timeUsedSoFar: 0
# timeEstimate: 0
# remainingBudget: 1200
# currentBudget: 240
# nbCandidates: 40
                            Markers:                           
                               x No test is performed.         
                               - The test is performed and     
                                 some candidates are discarded.
                               = The test is performed but     
                                 no candidate is discarded.    
                                                               
                                                               
+-+-----------+-----------+-----------+-----------+-----------+
| |       Task|      Alive|       Best|  Mean best| Exp so far|
+-+-----------+-----------+-----------+-----------+-----------+
|x|          1|         40|         21|     -191.5|         40|
|x|          2|         40|          5|     -179.4|         80|
|x|          3|         40|         33|     -182.7|        120|
|=|          4|         40|         33|     -178.5|        160|
|=|          5|         40|         22|     -161.9|        200|
|=|          6|         40|          5|     -168.7|        240|
+-+-----------+-----------+-----------+-----------+-----------+

Selected candidate:           5	mean value:     -168.7

Description of the selected candidate:
  mutate_only_prob gMaturationPeriod gMaxPopSize mutate_link_weights_prob mutate_add_node_prob mutate_add_link_prob mate_only_prob recur_only_prob sigma
5            0.264                39           7                    0.156                0.089                0.054          0.913           0.384 1.109


# Elite candidates:
   mutate_only_prob gMaturationPeriod gMaxPopSize mutate_link_weights_prob mutate_add_node_prob mutate_add_link_prob mate_only_prob recur_only_prob sigma
5             0.264                39           7                    0.156                0.089                0.054          0.913           0.384 1.109
22            0.137                43          34                    0.722                0.629                0.090          0.093           0.311 0.469
8             0.794                33          22                    0.376                0.552                0.266          0.701           0.440 2.669
2             0.125                50          16                    0.141                0.037                0.345          0.862           0.399 0.585
4             0.250                16           6                    0.068                0.389                0.344          0.528           0.238 2.690
# 2015-01-20 20:22:28 CET: Iteration 2 of 5
# experimentsUsedSoFar: 240
# timeUsedSoFar: 0
# timeEstimate: 0
# remainingBudget: 960
# currentBudget: 240
# nbCandidates: 34
                            Markers:                           
                               x No test is performed.         
                               - The test is performed and     
                                 some candidates are discarded.
                               = The test is performed but     
                                 no candidate is discarded.    
                                                               
                                                               
+-+-----------+-----------+-----------+-----------+-----------+
| |       Task|      Alive|       Best|  Mean best| Exp so far|
+-+-----------+-----------+-----------+-----------+-----------+
|x|          1|         34|          4|     -185.9|         34|
|x|          2|         34|          4|     -188.8|         68|
|x|          3|         34|         17|     -161.8|        102|
|=|          4|         34|          3|       -156|        136|
|=|          5|         34|          2|     -161.7|        170|
|=|          6|         34|          7|     -182.6|        204|
|=|          7|         34|          7|     -177.4|        238|
+-+-----------+-----------+-----------+-----------+-----------+

Selected candidate:           7	mean value:     -177.4

Description of the selected candidate:
   mutate_only_prob gMaturationPeriod gMaxPopSize mutate_link_weights_prob mutate_add_node_prob mutate_add_link_prob mate_only_prob recur_only_prob sigma
42            0.461                41          10                    0.618                0.238                0.454          0.541           0.826 0.362


# Elite candidates:
   mutate_only_prob gMaturationPeriod gMaxPopSize mutate_link_weights_prob mutate_add_node_prob mutate_add_link_prob mate_only_prob recur_only_prob sigma
42            0.461                41          10                    0.618                0.238                0.454          0.541           0.826 0.362
56            0.547                26          21                    0.266                0.842                0.212          0.383           0.759 1.174
2             0.125                50          16                    0.141                0.037                0.345          0.862           0.399 0.585
52            0.100                38          27                    0.616                0.434                0.095          0.210           0.440 1.069
65            0.214                37           8                    0.159                0.147                0.443          0.656           0.895 0.079
# 2015-01-20 21:05:40 CET: Iteration 3 of 5
# experimentsUsedSoFar: 478
# timeUsedSoFar: 0
# timeEstimate: 0
# remainingBudget: 722
# currentBudget: 240
# nbCandidates: 30
                            Markers:                           
                               x No test is performed.         
                               - The test is performed and     
                                 some candidates are discarded.
                               = The test is performed but     
                                 no candidate is discarded.    
                                                               
                                                               
+-+-----------+-----------+-----------+-----------+-----------+
| |       Task|      Alive|       Best|  Mean best| Exp so far|
+-+-----------+-----------+-----------+-----------+-----------+
|x|          1|         30|          1|     -185.9|         30|
|x|          2|         30|         15|     -182.9|         60|
|x|          3|         30|         15|     -171.1|         90|
|=|          4|         30|         15|     -169.7|        120|
|=|          5|         30|          4|     -161.5|        150|
|=|          6|         30|         15|     -171.7|        180|
|=|          7|         30|         15|     -169.6|        210|
|=|          8|         30|         16|     -166.6|        240|
+-+-----------+-----------+-----------+-----------+-----------+

Selected candidate:          16	mean value:     -166.6

Description of the selected candidate:
   mutate_only_prob gMaturationPeriod gMaxPopSize mutate_link_weights_prob mutate_add_node_prob mutate_add_link_prob mate_only_prob recur_only_prob sigma
80            0.412                42           5                    0.549                 0.25                0.425          0.476           0.757 0.773


# Elite candidates:
   mutate_only_prob gMaturationPeriod gMaxPopSize mutate_link_weights_prob mutate_add_node_prob mutate_add_link_prob mate_only_prob recur_only_prob sigma
80            0.412                42           5                    0.549                0.250                0.425          0.476           0.757 0.773
86            0.967                41          11                    0.451                0.224                0.110          0.969           0.901 0.972
74            0.602                46          19                    0.864                0.197                0.156          0.400           0.907 0.608
73            0.663                30          31                    0.268                0.159                0.543          0.955           0.924 0.115
78            0.582                30          20                    0.060                0.071                0.372          0.963           0.348 0.607
# 2015-01-20 21:46:36 CET: Iteration 4 of 5
# experimentsUsedSoFar: 718
# timeUsedSoFar: 0
# timeEstimate: 0
# remainingBudget: 482
# currentBudget: 241
# nbCandidates: 26
                            Markers:                           
                               x No test is performed.         
                               - The test is performed and     
                                 some candidates are discarded.
                               = The test is performed but     
                                 no candidate is discarded.    
                                                               
                                                               
+-+-----------+-----------+-----------+-----------+-----------+
| |       Task|      Alive|       Best|  Mean best| Exp so far|
+-+-----------+-----------+-----------+-----------+-----------+
|x|          1|         26|          8|     -191.8|         26|
|x|          2|         26|          8|     -191.4|         52|
|x|          3|         26|         21|       -176|         78|
|=|          4|         26|         14|     -181.5|        104|
|=|          5|         26|          8|     -172.8|        130|
|=|          6|         26|          8|     -174.1|        156|
|=|          7|         26|          8|     -171.3|        182|
|=|          8|         26|          8|     -172.6|        208|
|=|          9|         26|         14|     -175.8|        234|
+-+-----------+-----------+-----------+-----------+-----------+

Selected candidate:          14	mean value:     -175.8

Description of the selected candidate:
    mutate_only_prob gMaturationPeriod gMaxPopSize mutate_link_weights_prob mutate_add_node_prob mutate_add_link_prob mate_only_prob recur_only_prob sigma
103             0.86                45           8                    0.827                0.185                 0.26          0.571           0.662 0.831


# Elite candidates:
    mutate_only_prob gMaturationPeriod gMaxPopSize mutate_link_weights_prob mutate_add_node_prob mutate_add_link_prob mate_only_prob recur_only_prob sigma
103            0.860                45           8                    0.827                0.185                0.260          0.571           0.662 0.831
97             0.746                40           5                    0.297                0.315                0.222          0.861           0.829 1.213
112            0.982                37          13                    0.699                0.041                0.149          0.996           0.790 0.865
80             0.412                42           5                    0.549                0.250                0.425          0.476           0.757 0.773
86             0.967                41          11                    0.451                0.224                0.110          0.969           0.901 0.972
# 2015-01-20 22:26:13 CET: Iteration 5 of 5
# experimentsUsedSoFar: 952
# timeUsedSoFar: 0
# timeEstimate: 0
# remainingBudget: 248
# currentBudget: 248
# nbCandidates: 24
                            Markers:                           
                               x No test is performed.         
                               - The test is performed and     
                                 some candidates are discarded.
                               = The test is performed but     
                                 no candidate is discarded.    
                                                               
                                                               
+-+-----------+-----------+-----------+-----------+-----------+
| |       Task|      Alive|       Best|  Mean best| Exp so far|
+-+-----------+-----------+-----------+-----------+-----------+
|x|          1|         24|          2|     -191.8|         24|
|x|          2|         24|         24|     -187.9|         48|
|x|          3|         24|          2|       -189|         72|
|=|          4|         24|          2|     -174.2|         96|
|=|          5|         24|          2|     -176.3|        120|
|=|          6|         24|          2|     -177.1|        144|
|=|          7|         24|          2|     -173.6|        168|
|=|          8|         24|          2|     -173.8|        192|
|=|          9|         24|         22|       -177|        216|
|-|         10|         18|         22|     -176.3|        240|
+-+-----------+-----------+-----------+-----------+-----------+

Selected candidate:          22	mean value:     -176.3

Description of the selected candidate:
    mutate_only_prob gMaturationPeriod gMaxPopSize mutate_link_weights_prob mutate_add_node_prob mutate_add_link_prob mate_only_prob recur_only_prob sigma
132            0.859                41           9                    0.729                0.329                0.202           0.84           0.944 0.659


# Elite candidates:
    mutate_only_prob gMaturationPeriod gMaxPopSize mutate_link_weights_prob mutate_add_node_prob mutate_add_link_prob mate_only_prob recur_only_prob sigma
132            0.859                41           9                    0.729                0.329                0.202          0.840           0.944 0.659
112            0.982                37          13                    0.699                0.041                0.149          0.996           0.790 0.865
97             0.746                40           5                    0.297                0.315                0.222          0.861           0.829 1.213
134            0.152                43          12                    0.433                0.242                0.566          0.503           0.776 0.892
117            0.889                49           7                    0.273                0.206                0.197          0.926           0.913 0.487
# 2015-01-20 23:05:07 CET: Stopped because there is no enough budget left to race newly sampled configurations
# Iteration: 6
# nbIterations: 6
# experimentsUsedSoFar: 1192
# timeUsedSoFar: 0
# timeEstimate: 0
# remainingBudget: 8
# currentBudget: 8
# number of elites: 5
# nbCandidates: 0
# mu: 5
# Best candidates
    mutate_only_prob gMaturationPeriod gMaxPopSize mutate_link_weights_prob mutate_add_node_prob mutate_add_link_prob mate_only_prob recur_only_prob sigma
132            0.859                41           9                    0.729                0.329                0.202          0.840           0.944 0.659
112            0.982                37          13                    0.699                0.041                0.149          0.996           0.790 0.865
97             0.746                40           5                    0.297                0.315                0.222          0.861           0.829 1.213
134            0.152                43          12                    0.433                0.242                0.566          0.503           0.776 0.892
117            0.889                49           7                    0.273                0.206                0.197          0.926           0.913 0.487
# Best candidates (as commandlines)
1  -m 0.859 -w 0.729 -n 0.329 -l 0.202 -x 0.84 -r 0.944 -s 0.659 -q41 -p9
2  -m 0.982 -w 0.699 -n 0.041 -l 0.149 -x 0.996 -r 0.79 -s 0.865 -q37 -p13
3  -m 0.746 -w 0.297 -n 0.315 -l 0.222 -x 0.861 -r 0.829 -s 1.213 -q40 -p5
4  -m 0.152 -w 0.433 -n 0.242 -l 0.566 -x 0.503 -r 0.776 -s 0.892 -q43 -p12
5  -m 0.889 -w 0.273 -n 0.206 -l 0.197 -x 0.926 -r 0.913 -s 0.487 -q49 -p7
